This is pdfTeX, Version 3.14159265-2.6-1.40.19 (TeX Live 2018) (preloaded format=mex 2018.4.16)  21 MAR 2019 14:41
entering extended mode
 restricted \write18 enabled.
 %&-line parsing enabled.
**lbfgsC.c
(./lbfgsC.c
This is MeX  Version 1.05  18 XII 1993  (B. Jackowski & M. Ry\'cko)
! You can't use `macro parameter character #' in vertical mode.
l.1 #
     include <math.h>
? y
Type <return> to proceed, S to scroll future error messages,
R to run without stopping, Q to run quietly,
I to insert something, E to edit your file,
1 or ... or 9 to ignore the next 1 to 9 tokens of input,
H for help, X to quit.
? 
! Interruption.
<to be read again> 
                   i
l.1 #i
      nclude <math.h>
? X
No pages of output.
